graph G {
        0 [label="Adjuntas, PR"]
        17 [label="Utuado, PR"]
        5 [label="Angeles, PR"]
        27 [label="Jayuya, PR"]
        1 [label="Aguada, PR"]
        2 [label="Aguadilla, PR"]
        33 [label="Rincon, PR"]
        2 [label="Aguadilla, PR"]
        2 [label="Aguadilla, PR"]
        40 [label="San Antonio, PR"]
        1 [label="Aguada, PR"]
        1 [label="Aguada, PR"]
        3 [label="Maricao, PR"]
        30 [label="Las Marias, PR"]
        15 [label="Sabana Grande, PR"]
        14 [label="Rosario, PR"]
        4 [label="Anasco, PR"]
        33 [label="Rincon, PR"]
        32 [label="Moca, PR"]
        25 [label="Hormigueros, PR"]
        5 [label="Angeles, PR"]
        0 [label="Adjuntas, PR"]
        13 [label="Castaner, PR"]
        29 [label="Lares, PR"]
        6 [label="Arecibo, PR"]
        39 [label="Sabana Hoyos, PR"]
        24 [label="Hatillo, PR"]
        7 [label="Bajadero, PR"]
        7 [label="Bajadero, PR"]
        21 [label="Garrochales, PR"]
        39 [label="Sabana Hoyos, PR"]
        6 [label="Arecibo, PR"]
        8 [label="Barceloneta, PR"]
        31 [label="Manati, PR"]
        21 [label="Garrochales, PR"]
        20 [label="Florida, PR"]
        9 [label="Boqueron, PR"]
        10 [label="Cabo Rojo, PR"]
        28 [label="Lajas, PR"]
        10 [label="Cabo Rojo, PR"]
        10 [label="Cabo Rojo, PR"]
        25 [label="Hormigueros, PR"]
        9 [label="Boqueron, PR"]
        9 [label="Boqueron, PR"]
        11 [label="Penuelas, PR"]
        23 [label="Guayanilla, PR"]
        50 [label="Ponce, PR"]
        80 [label="Coto Laurel, PR"]
        12 [label="Camuy, PR"]
        24 [label="Hatillo, PR"]
        34 [label="Quebradillas, PR"]
        26 [label="Isabela, PR"]
        13 [label="Castaner, PR"]
        5 [label="Angeles, PR"]
        29 [label="Lares, PR"]
        37 [label="San Sebastian, PR"]
        14 [label="Rosario, PR"]
        29 [label="Lares, PR"]
        25 [label="Hormigueros, PR"]
        3 [label="Maricao, PR"]
        15 [label="Sabana Grande, PR"]
        3 [label="Maricao, PR"]
        43 [label="Yauco, PR"]
        36 [label="San German, PR"]
        16 [label="Ciales, PR"]
        20 [label="Florida, PR"]
        38 [label="Morovis, PR"]
        31 [label="Manati, PR"]
        17 [label="Utuado, PR"]
        27 [label="Jayuya, PR"]
        0 [label="Adjuntas, PR"]
        39 [label="Sabana Hoyos, PR"]
        18 [label="Dorado, PR"]
        91 [label="Sabana Seca, PR"]
        41 [label="Vega Alta, PR"]
        90 [label="Toa Baja, PR"]
        19 [label="Ensenada, PR"]
        36 [label="San German, PR"]
        22 [label="Guanica, PR"]
        43 [label="Yauco, PR"]
        20 [label="Florida, PR"]
        22 [label="Guanica, PR"]
        16 [label="Ciales, PR"]
        8 [label="Barceloneta, PR"]
        21 [label="Garrochales, PR"]
        8 [label="Barceloneta, PR"]
        7 [label="Bajadero, PR"]
        42 [label="Vega Baja, PR"]
        22 [label="Guanica, PR"]
        19 [label="Ensenada, PR"]
        20 [label="Florida, PR"]
        23 [label="Guayanilla, PR"]
        23 [label="Guayanilla, PR"]
        43 [label="Yauco, PR"]
        11 [label="Penuelas, PR"]
        22 [label="Guanica, PR"]
        24 [label="Hatillo, PR"]
        6 [label="Arecibo, PR"]
        12 [label="Camuy, PR"]
        34 [label="Quebradillas, PR"]
        25 [label="Hormigueros, PR"]
        14 [label="Rosario, PR"]
        10 [label="Cabo Rojo, PR"]
        4 [label="Anasco, PR"]
        26 [label="Isabela, PR"]
        34 [label="Quebradillas, PR"]
        40 [label="San Antonio, PR"]
        12 [label="Camuy, PR"]
        27 [label="Jayuya, PR"]
        71 [label="Villalba, PR"]
        17 [label="Utuado, PR"]
        0 [label="Adjuntas, PR"]
        28 [label="Lajas, PR"]
        9 [label="Boqueron, PR"]
        36 [label="San German, PR"]
        30 [label="Las Marias, PR"]
        29 [label="Lares, PR"]
        13 [label="Castaner, PR"]
        14 [label="Rosario, PR"]
        5 [label="Angeles, PR"]
        30 [label="Las Marias, PR"]
        37 [label="San Sebastian, PR"]
        3 [label="Maricao, PR"]
        28 [label="Lajas, PR"]
        31 [label="Manati, PR"]
        42 [label="Vega Baja, PR"]
        8 [label="Barceloneta, PR"]
        16 [label="Ciales, PR"]
        32 [label="Moca, PR"]
        4 [label="Anasco, PR"]
        37 [label="San Sebastian, PR"]
        40 [label="San Antonio, PR"]
        33 [label="Rincon, PR"]
        1 [label="Aguada, PR"]
        4 [label="Anasco, PR"]
        35 [label="Mayaguez, PR"]
        34 [label="Quebradillas, PR"]
        12 [label="Camuy, PR"]
        26 [label="Isabela, PR"]
        24 [label="Hatillo, PR"]
        35 [label="Mayaguez, PR"]
        53 [label="Orocovis, PR"]
        33 [label="Rincon, PR"]
        50 [label="Ponce, PR"]
        36 [label="San German, PR"]
        28 [label="Lajas, PR"]
        19 [label="Ensenada, PR"]
        15 [label="Sabana Grande, PR"]
        37 [label="San Sebastian, PR"]
        32 [label="Moca, PR"]
        30 [label="Las Marias, PR"]
        13 [label="Castaner, PR"]
        38 [label="Morovis, PR"]
        16 [label="Ciales, PR"]
        82 [label="Corozal, PR"]
        53 [label="Orocovis, PR"]
        39 [label="Sabana Hoyos, PR"]
        7 [label="Bajadero, PR"]
        6 [label="Arecibo, PR"]
        17 [label="Utuado, PR"]
        40 [label="San Antonio, PR"]
        26 [label="Isabela, PR"]
        2 [label="Aguadilla, PR"]
        32 [label="Moca, PR"]
        41 [label="Vega Alta, PR"]
        18 [label="Dorado, PR"]
        42 [label="Vega Baja, PR"]
        92 [label="Toa Alta, PR"]
        42 [label="Vega Baja, PR"]
        41 [label="Vega Alta, PR"]
        31 [label="Manati, PR"]
        21 [label="Garrochales, PR"]
        43 [label="Yauco, PR"]
        15 [label="Sabana Grande, PR"]
        23 [label="Guayanilla, PR"]
        19 [label="Ensenada, PR"]
        44 [label="Aguas Buenas, PR"]
        61 [label="Cidra, PR"]
        56 [label="Caguas, PR"]
        93 [label="Bayamon, PR"]
        45 [label="Aguirre, PR"]
        48 [label="Arroyo, PR"]
        59 [label="Cayey, PR"]
        67 [label="Salinas, PR"]
        46 [label="Aibonito, PR"]
        73 [label="Coamo, PR"]
        86 [label="Barranquitas, PR"]
        81 [label="Comerio, PR"]
        47 [label="Maunabo, PR"]
        72 [label="Yabucoa, PR"]
        55 [label="Patillas, PR"]
        48 [label="Arroyo, PR"]
        48 [label="Arroyo, PR"]
        55 [label="Patillas, PR"]
        45 [label="Aguirre, PR"]
        47 [label="Maunabo, PR"]
        49 [label="Mercedita, PR"]
        50 [label="Ponce, PR"]
        80 [label="Coto Laurel, PR"]
        87 [label="Juana Diaz, PR"]
        50 [label="Ponce, PR"]
        11 [label="Penuelas, PR"]
        49 [label="Mercedita, PR"]
        35 [label="Mayaguez, PR"]
        51 [label="Naguabo, PR"]
        74 [label="Las Piedras, PR"]
        65 [label="Rio Blanco, PR"]
        63 [label="Punta Santiago, PR"]
        52 [label="Naranjito, PR"]
        92 [label="Toa Alta, PR"]
        93 [label="Bayamon, PR"]
        89 [label="Fort Buchanan, PR"]
        53 [label="Orocovis, PR"]
        75 [label="Loiza, PR"]
        35 [label="Mayaguez, PR"]
        38 [label="Morovis, PR"]
        54 [label="Palmer, PR"]
        66 [label="Rio Grande, PR"]
        76 [label="Luquillo, PR"]
        57 [label="Canovanas, PR"]
        55 [label="Patillas, PR"]
        47 [label="Maunabo, PR"]
        48 [label="Arroyo, PR"]
        72 [label="Yabucoa, PR"]
        56 [label="Caguas, PR"]
        44 [label="Aguas Buenas, PR"]
        79 [label="Gurabo, PR"]
        68 [label="San Lorenzo, PR"]
        57 [label="Canovanas, PR"]
        97 [label="Saint Just Contract, PR"]
        66 [label="Rio Grande, PR"]
        54 [label="Palmer, PR"]
        58 [label="Ceiba, PR"]
        60 [label="Fajardo, PR"]
        70 [label="Vieques, PR"]
        62 [label="Puerto Real, PR"]
        59 [label="Cayey, PR"]
        45 [label="Aguirre, PR"]
        83 [label="Guayama, PR"]
        61 [label="Cidra, PR"]
        60 [label="Fajardo, PR"]
        62 [label="Puerto Real, PR"]
        58 [label="Ceiba, PR"]
        76 [label="Luquillo, PR"]
        61 [label="Cidra, PR"]
        81 [label="Comerio, PR"]
        44 [label="Aguas Buenas, PR"]
        59 [label="Cayey, PR"]
        62 [label="Puerto Real, PR"]
        76 [label="Luquillo, PR"]
        60 [label="Fajardo, PR"]
        58 [label="Ceiba, PR"]
        63 [label="Punta Santiago, PR"]
        65 [label="Rio Blanco, PR"]
        85 [label="Humacao, PR"]
        51 [label="Naguabo, PR"]
        64 [label="Roosevelt Roads, PR"]
        70 [label="Vieques, PR"]
        77 [label="Culebra, PR"]
        65 [label="Rio Blanco, PR"]
        65 [label="Rio Blanco, PR"]
        51 [label="Naguabo, PR"]
        63 [label="Punta Santiago, PR"]
        64 [label="Roosevelt Roads, PR"]
        66 [label="Rio Grande, PR"]
        57 [label="Canovanas, PR"]
        54 [label="Palmer, PR"]
        75 [label="Loiza, PR"]
        67 [label="Salinas, PR"]
        83 [label="Guayama, PR"]
        71 [label="Villalba, PR"]
        45 [label="Aguirre, PR"]
        68 [label="San Lorenzo, PR"]
        79 [label="Gurabo, PR"]
        78 [label="Juncos, PR"]
        56 [label="Caguas, PR"]
        69 [label="Santa Isabel, PR"]
        87 [label="Juana Diaz, PR"]
        73 [label="Coamo, PR"]
        71 [label="Villalba, PR"]
        70 [label="Vieques, PR"]
        58 [label="Ceiba, PR"]
        64 [label="Roosevelt Roads, PR"]
        77 [label="Culebra, PR"]
        71 [label="Villalba, PR"]
        67 [label="Salinas, PR"]
        27 [label="Jayuya, PR"]
        69 [label="Santa Isabel, PR"]
        72 [label="Yabucoa, PR"]
        85 [label="Humacao, PR"]
        47 [label="Maunabo, PR"]
        55 [label="Patillas, PR"]
        73 [label="Coamo, PR"]
        69 [label="Santa Isabel, PR"]
        46 [label="Aibonito, PR"]
        84 [label="La Plata, PR"]
        74 [label="Las Piedras, PR"]
        78 [label="Juncos, PR"]
        51 [label="Naguabo, PR"]
        78 [label="Juncos, PR"]
        75 [label="Loiza, PR"]
        77 [label="Culebra, PR"]
        53 [label="Orocovis, PR"]
        66 [label="Rio Grande, PR"]
        76 [label="Luquillo, PR"]
        54 [label="Palmer, PR"]
        62 [label="Puerto Real, PR"]
        60 [label="Fajardo, PR"]
        77 [label="Culebra, PR"]
        64 [label="Roosevelt Roads, PR"]
        75 [label="Loiza, PR"]
        70 [label="Vieques, PR"]
        78 [label="Juncos, PR"]
        68 [label="San Lorenzo, PR"]
        74 [label="Las Piedras, PR"]
        74 [label="Las Piedras, PR"]
        79 [label="Gurabo, PR"]
        56 [label="Caguas, PR"]
        68 [label="San Lorenzo, PR"]
        97 [label="Saint Just Contract, PR"]
        80 [label="Coto Laurel, PR"]
        49 [label="Mercedita, PR"]
        87 [label="Juana Diaz, PR"]
        11 [label="Penuelas, PR"]
        81 [label="Comerio, PR"]
        84 [label="La Plata, PR"]
        61 [label="Cidra, PR"]
        46 [label="Aibonito, PR"]
        82 [label="Corozal, PR"]
        38 [label="Morovis, PR"]
        92 [label="Toa Alta, PR"]
        86 [label="Barranquitas, PR"]
        83 [label="Guayama, PR"]
        59 [label="Cayey, PR"]
        67 [label="Salinas, PR"]
        85 [label="Humacao, PR"]
        84 [label="La Plata, PR"]
        86 [label="Barranquitas, PR"]
        81 [label="Comerio, PR"]
        73 [label="Coamo, PR"]
        85 [label="Humacao, PR"]
        63 [label="Punta Santiago, PR"]
        72 [label="Yabucoa, PR"]
        83 [label="Guayama, PR"]
        86 [label="Barranquitas, PR"]
        46 [label="Aibonito, PR"]
        84 [label="La Plata, PR"]
        82 [label="Corozal, PR"]
        87 [label="Juana Diaz, PR"]
        80 [label="Coto Laurel, PR"]
        69 [label="Santa Isabel, PR"]
        49 [label="Mercedita, PR"]
        88 [label="San Juan, PR"]
        95 [label="Guaynabo, PR"]
        94 [label="Catano, PR"]
        89 [label="Fort Buchanan, PR"]
        93 [label="Bayamon, PR"]
        98 [label="Carolina, PR"]
        52 [label="Naranjito, PR"]
        90 [label="Toa Baja, PR"]
        94 [label="Catano, PR"]
        91 [label="Sabana Seca, PR"]
        18 [label="Dorado, PR"]
        91 [label="Sabana Seca, PR"]
        90 [label="Toa Baja, PR"]
        18 [label="Dorado, PR"]
        95 [label="Guaynabo, PR"]
        92 [label="Toa Alta, PR"]
        82 [label="Corozal, PR"]
        52 [label="Naranjito, PR"]
        41 [label="Vega Alta, PR"]
        93 [label="Bayamon, PR"]
        52 [label="Naranjito, PR"]
        89 [label="Fort Buchanan, PR"]
        44 [label="Aguas Buenas, PR"]
        94 [label="Catano, PR"]
        95 [label="Guaynabo, PR"]
        90 [label="Toa Baja, PR"]
        88 [label="San Juan, PR"]
        95 [label="Guaynabo, PR"]
        88 [label="San Juan, PR"]
        94 [label="Catano, PR"]
        91 [label="Sabana Seca, PR"]
        96 [label="Trujillo Alto, PR"]
        98 [label="Carolina, PR"]
        97 [label="Saint Just Contract, PR"]
        97 [label="Saint Just Contract, PR"]
        96 [label="Trujillo Alto, PR"]
        57 [label="Canovanas, PR"]
        79 [label="Gurabo, PR"]
        98 [label="Carolina, PR"]
        89 [label="Fort Buchanan, PR"]
        96 [label="Trujillo Alto, PR"]
        0--17 [weight=6, label=6]
        0--5 [weight=9, label=9]
        0--27 [weight=8, label=8]
        1--2 [weight=4, label=4]
        1--33 [weight=6, label=6]
        1--2 [weight=4, label=4]
        2--40 [weight=1, label=1]
        2--1 [weight=4, label=4]
        2--1 [weight=4, label=4]
        3--30 [weight=6, label=6]
        3--15 [weight=5, label=5]
        3--14 [weight=7, label=7]
        4--33 [weight=8, label=8]
        4--32 [weight=7, label=7]
        4--25 [weight=9, label=9]
        5--0 [weight=9, label=9]
        5--13 [weight=4, label=4]
        5--29 [weight=5, label=5]
        6--39 [weight=2, label=2]
        6--24 [weight=7, label=7]
        6--7 [weight=3, label=3]
        7--21 [weight=2, label=2]
        7--39 [weight=2, label=2]
        7--6 [weight=3, label=3]
        8--31 [weight=3, label=3]
        8--21 [weight=3, label=3]
        8--20 [weight=6, label=6]
        9--10 [weight=5, label=5]
        9--28 [weight=8, label=8]
        9--10 [weight=5, label=5]
        10--25 [weight=5, label=5]
        10--9 [weight=5, label=5]
        10--9 [weight=5, label=5]
        11--23 [weight=3, label=3]
        11--50 [weight=7, label=7]
        11--80 [weight=7, label=7]
        12--24 [weight=3, label=3]
        12--34 [weight=5, label=5]
        12--26 [weight=11, label=11]
        13--5 [weight=4, label=4]
        13--29 [weight=2, label=2]
        13--37 [weight=7, label=7]
        14--29 [weight=16, label=16]
        14--25 [weight=6, label=6]
        14--3 [weight=7, label=7]
        15--3 [weight=5, label=5]
        15--43 [weight=5, label=5]
        15--36 [weight=7, label=7]
        16--20 [weight=6, label=6]
        16--38 [weight=3, label=3]
        16--31 [weight=7, label=7]
        17--27 [weight=6, label=6]
        17--0 [weight=6, label=6]
        17--39 [weight=12, label=12]
        18--91 [weight=5, label=5]
        18--41 [weight=3, label=3]
        18--90 [weight=5, label=5]
        19--36 [weight=11, label=11]
        19--22 [weight=2, label=2]
        19--43 [weight=8, label=8]
        20--22 [weight=34, label=34]
        20--16 [weight=6, label=6]
        20--8 [weight=6, label=6]
        21--8 [weight=3, label=3]
        21--7 [weight=2, label=2]
        21--42 [weight=13, label=13]
        22--19 [weight=2, label=2]
        22--20 [weight=34, label=34]
        22--23 [weight=8, label=8]
        23--43 [weight=5, label=5]
        23--11 [weight=3, label=3]
        23--22 [weight=8, label=8]
        24--6 [weight=7, label=7]
        24--12 [weight=3, label=3]
        24--34 [weight=8, label=8]
        25--14 [weight=6, label=6]
        25--10 [weight=5, label=5]
        25--4 [weight=9, label=9]
        26--34 [weight=6, label=6]
        26--40 [weight=7, label=7]
        26--12 [weight=11, label=11]
        27--71 [weight=9, label=9]
        27--17 [weight=6, label=6]
        27--0 [weight=8, label=8]
        28--9 [weight=8, label=8]
        28--36 [weight=6, label=6]
        28--30 [weight=16, label=16]
        29--13 [weight=2, label=2]
        29--14 [weight=16, label=16]
        29--5 [weight=5, label=5]
        30--37 [weight=5, label=5]
        30--3 [weight=6, label=6]
        30--28 [weight=16, label=16]
        31--42 [weight=6, label=6]
        31--8 [weight=3, label=3]
        31--16 [weight=7, label=7]
        32--4 [weight=7, label=7]
        32--37 [weight=8, label=8]
        32--40 [weight=7, label=7]
        33--1 [weight=6, label=6]
        33--4 [weight=8, label=8]
        33--35 [weight=18, label=18]
        34--12 [weight=5, label=5]
        34--26 [weight=6, label=6]
        34--24 [weight=8, label=8]
        35--53 [weight=73, label=73]
        35--33 [weight=18, label=18]
        35--50 [weight=61, label=61]
        36--28 [weight=6, label=6]
        36--19 [weight=11, label=11]
        36--15 [weight=7, label=7]
        37--32 [weight=8, label=8]
        37--30 [weight=5, label=5]
        37--13 [weight=7, label=7]
        38--16 [weight=3, label=3]
        38--82 [weight=5, label=5]
        38--53 [weight=6, label=6]
        39--7 [weight=2, label=2]
        39--6 [weight=2, label=2]
        39--17 [weight=12, label=12]
        40--26 [weight=7, label=7]
        40--2 [weight=1, label=1]
        40--32 [weight=7, label=7]
        41--18 [weight=3, label=3]
        41--42 [weight=3, label=3]
        41--92 [weight=7, label=7]
        42--41 [weight=3, label=3]
        42--31 [weight=6, label=6]
        42--21 [weight=13, label=13]
        43--15 [weight=5, label=5]
        43--23 [weight=5, label=5]
        43--19 [weight=8, label=8]
        44--61 [weight=5, label=5]
        44--56 [weight=5, label=5]
        44--93 [weight=6, label=6]
        45--48 [weight=6, label=6]
        45--59 [weight=7, label=7]
        45--67 [weight=8, label=8]
        46--73 [weight=5, label=5]
        46--86 [weight=5, label=5]
        46--81 [weight=7, label=7]
        47--72 [weight=2, label=2]
        47--55 [weight=7, label=7]
        47--48 [weight=9, label=9]
        48--55 [weight=3, label=3]
        48--45 [weight=6, label=6]
        48--47 [weight=9, label=9]
        49--50 [weight=2, label=2]
        49--80 [weight=2, label=2]
        49--87 [weight=4, label=4]
        50--11 [weight=7, label=7]
        50--49 [weight=2, label=2]
        50--35 [weight=61, label=61]
        51--74 [weight=6, label=6]
        51--65 [weight=2, label=2]
        51--63 [weight=4, label=4]
        52--92 [weight=4, label=4]
        52--93 [weight=4, label=4]
        52--89 [weight=5, label=5]
        53--75 [weight=35, label=35]
        53--35 [weight=73, label=73]
        53--38 [weight=6, label=6]
        54--66 [weight=2, label=2]
        54--76 [weight=4, label=4]
        54--57 [weight=7, label=7]
        55--47 [weight=7, label=7]
        55--48 [weight=3, label=3]
        55--72 [weight=8, label=8]
        56--44 [weight=5, label=5]
        56--79 [weight=6, label=6]
        56--68 [weight=6, label=6]
        57--97 [weight=6, label=6]
        57--66 [weight=5, label=5]
        57--54 [weight=7, label=7]
        58--60 [weight=6, label=6]
        58--70 [weight=13, label=13]
        58--62 [weight=5, label=5]
        59--45 [weight=7, label=7]
        59--83 [weight=7, label=7]
        59--61 [weight=5, label=5]
        60--62 [weight=2, label=2]
        60--58 [weight=6, label=6]
        60--76 [weight=6, label=6]
        61--81 [weight=4, label=4]
        61--44 [weight=5, label=5]
        61--59 [weight=5, label=5]
        62--76 [weight=5, label=5]
        62--60 [weight=2, label=2]
        62--58 [weight=5, label=5]
        63--65 [weight=3, label=3]
        63--85 [weight=2, label=2]
        63--51 [weight=4, label=4]
        64--70 [weight=13, label=13]
        64--77 [weight=19, label=19]
        64--65 [weight=10, label=10]
        65--51 [weight=2, label=2]
        65--63 [weight=3, label=3]
        65--64 [weight=10, label=10]
        66--57 [weight=5, label=5]
        66--54 [weight=2, label=2]
        66--75 [weight=7, label=7]
        67--83 [weight=8, label=8]
        67--71 [weight=17, label=17]
        67--45 [weight=8, label=8]
        68--79 [weight=5, label=5]
        68--78 [weight=4, label=4]
        68--56 [weight=6, label=6]
        69--87 [weight=6, label=6]
        69--73 [weight=7, label=7]
        69--71 [weight=11, label=11]
        70--58 [weight=13, label=13]
        70--64 [weight=13, label=13]
        70--77 [weight=17, label=17]
        71--67 [weight=17, label=17]
        71--27 [weight=9, label=9]
        71--69 [weight=11, label=11]
        72--85 [weight=9, label=9]
        72--47 [weight=2, label=2]
        72--55 [weight=8, label=8]
        73--69 [weight=7, label=7]
        73--46 [weight=5, label=5]
        73--84 [weight=5, label=5]
        74--78 [weight=2, label=2]
        74--51 [weight=6, label=6]
        74--78 [weight=2, label=2]
        75--77 [weight=40, label=40]
        75--53 [weight=35, label=35]
        75--66 [weight=7, label=7]
        76--54 [weight=4, label=4]
        76--62 [weight=5, label=5]
        76--60 [weight=6, label=6]
        77--64 [weight=19, label=19]
        77--75 [weight=40, label=40]
        77--70 [weight=17, label=17]
        78--68 [weight=4, label=4]
        78--74 [weight=2, label=2]
        78--74 [weight=2, label=2]
        79--56 [weight=6, label=6]
        79--68 [weight=5, label=5]
        79--97 [weight=5, label=5]
        80--49 [weight=2, label=2]
        80--87 [weight=7, label=7]
        80--11 [weight=7, label=7]
        81--84 [weight=7, label=7]
        81--61 [weight=4, label=4]
        81--46 [weight=7, label=7]
        82--38 [weight=5, label=5]
        82--92 [weight=6, label=6]
        82--86 [weight=7, label=7]
        83--59 [weight=7, label=7]
        83--67 [weight=8, label=8]
        83--85 [weight=25, label=25]
        84--86 [weight=5, label=5]
        84--81 [weight=7, label=7]
        84--73 [weight=5, label=5]
        85--63 [weight=2, label=2]
        85--72 [weight=9, label=9]
        85--83 [weight=25, label=25]
        86--46 [weight=5, label=5]
        86--84 [weight=5, label=5]
        86--82 [weight=7, label=7]
        87--80 [weight=7, label=7]
        87--69 [weight=6, label=6]
        87--49 [weight=4, label=4]
        88--95 [weight=2, label=2]
        88--94 [weight=3, label=3]
        89--93 [weight=1, label=1]
        89--98 [weight=8, label=8]
        89--52 [weight=5, label=5]
        90--94 [weight=3, label=3]
        90--91 [weight=1, label=1]
        90--18 [weight=5, label=5]
        91--90 [weight=1, label=1]
        91--18 [weight=5, label=5]
        91--95 [weight=5, label=5]
        92--82 [weight=6, label=6]
        92--52 [weight=4, label=4]
        92--41 [weight=7, label=7]
        93--52 [weight=4, label=4]
        93--89 [weight=1, label=1]
        93--44 [weight=6, label=6]
        94--95 [weight=1, label=1]
        94--90 [weight=3, label=3]
        94--88 [weight=3, label=3]
        95--88 [weight=2, label=2]
        95--94 [weight=1, label=1]
        95--91 [weight=5, label=5]
        96--98 [weight=6, label=6]
        96--97 [weight=0, label=0]
        97--96 [weight=0, label=0]
        97--57 [weight=6, label=6]
        97--79 [weight=5, label=5]
        98--89 [weight=8, label=8]
        98--96 [weight=6, label=6]
}
